app/build/outputs/mapping/release/seeds.txt
rvrc.geq1917.g34.android.diningmania.Feedback
rvrc.geq1917.g34.android.diningmania.Feedback: Feedback()
rvrc.geq1917.g34.android.diningmania.FirebaseMessageService
rvrc.geq1917.g34.android.diningmania.FirebaseMessageService: FirebaseMessageService()
rvrc.geq1917.g34.android.diningmania.Home
rvrc.geq1917.g34.android.diningmania.Home: Home()
rvrc.geq1917.g34.android.diningmania.Login
rvrc.geq1917.g34.android.diningmania.Login: Login()
rvrc.geq1917.g34.android.diningmania.Login: void onClick(android.view.View)
rvrc.geq1917.g34.android.diningmania.MatchingResult
rvrc.geq1917.g34.android.diningmania.MatchingResult: MatchingResult()
rvrc.geq1917.g34.android.diningmania.R$anim: int abc_fade_in
rvrc.geq1917.g34.android.diningmania.R$anim: int abc_fade_out
rvrc.geq1917.g34.android.diningmania.R$anim: int abc_grow_fade_in_from_bottom
rvrc.geq1917.g34.android.diningmania.R$anim: int abc_popup_enter
rvrc.geq1917.g34.android.diningmania.R$anim: int abc_popup_exit
rvrc.geq1917.g34.android.diningmania.R$anim: int abc_shrink_fade_out_from_bottom
rvrc.geq1917.g34.android.diningmania.R$anim: int abc_slide_in_bottom
rvrc.geq1917.g34.android.diningmania.R$anim: int abc_slide_in_top
rvrc.geq1917.g34.android.diningmania.R$anim: int abc_slide_out_bottom
rvrc.geq1917.g34.android.diningmania.R$anim: int abc_slide_out_top
rvrc.geq1917.g34.android.diningmania.R$anim: int abc_tooltip_enter
rvrc.geq1917.g34.android.diningmania.R$anim: int abc_tooltip_exit
rvrc.geq1917.g34.android.diningmania.R$anim: int design_bottom_sheet_slide_in
rvrc.geq1917.g34.android.diningmania.R$anim: int design_bottom_sheet_slide_out
rvrc.geq1917.g34.android.diningmania.R$anim: int design_snackbar_in
rvrc.geq1917.g34.android.diningmania.R$anim: int design_snackbar_out
rvrc.geq1917.g34.android.diningmania.R$animator: int design_appbar_state_list_animator
rvrc.geq1917.g34.android.diningmania.R$animator: int design_fab_hide_motion_spec
rvrc.geq1917.g34.android.diningmania.R$animator: int design_fab_show_motion_spec
rvrc.geq1917.g34.android.diningmania.R$animator: int mtrl_btn_state_list_anim
rvrc.geq1917.g34.android.diningmania.R$animator: int mtrl_btn_unelevated_state_list_anim
rvrc.geq1917.g34.android.diningmania.R$animator: int mtrl_chip_state_list_anim
rvrc.geq1917.g34.android.diningmania.R$animator: int mtrl_fab_hide_motion_spec
rvrc.geq1917.g34.android.diningmania.R$animator: int mtrl_fab_show_motion_spec
rvrc.geq1917.g34.android.diningmania.R$animator: int mtrl_fab_transformation_sheet_collapse_spec
rvrc.geq1917.g34.android.diningmania.R$animator: int mtrl_fab_transformation_sheet_expand_spec
...
com.google.android.gms.internal.firebase_auth.zzgd: com.google.android.gms.internal.firebase_auth.zzgd[] values()
com.google.android.gms.internal.firebase_auth.zzgi: com.google.android.gms.internal.firebase_auth.zzgi[] values()
com.google.android.gms.internal.firebase_auth.zzx: android.os.Parcelable$Creator CREATOR
com.google.android.gms.internal.firebase_database.zzab: com.google.android.gms.internal.firebase_database.zzab[] values()
com.google.android.gms.internal.firebase_database.zzav: com.google.android.gms.internal.firebase_database.zzav[] values()
com.google.android.gms.internal.firebase_database.zzb: android.os.IBinder asBinder()
com.google.android.gms.internal.firebase_database.zzb: boolean onTransact(int,android.os.Parcel,android.os.Parcel,int)
com.google.android.gms.internal.firebase_database.zzfm: com.google.android.gms.internal.firebase_database.zzfm[] values()
com.google.android.gms.internal.firebase_database.zzfo: com.google.android.gms.internal.firebase_database.zzfo[] values()
com.google.android.gms.internal.firebase_database.zzgz: com.google.android.gms.internal.firebase_database.zzgz[] values()
com.google.android.gms.internal.firebase_database.zzib: com.google.android.gms.internal.firebase_database.zzib[] values()
com.google.android.gms.internal.firebase_database.zzix: com.google.android.gms.internal.firebase_database.zzix[] values()
com.google.android.gms.internal.firebase_database.zzjc: com.google.android.gms.internal.firebase_database.zzjc[] values()
com.google.android.gms.internal.measurement.zzabu: com.google.android.gms.internal.measurement.zzabu[] values()
com.google.android.gms.internal.measurement.zzabz: com.google.android.gms.internal.measurement.zzabz[] values()
com.google.android.gms.internal.measurement.zzeb: android.os.Parcelable$Creator CREATOR
com.google.android.gms.internal.measurement.zzef: android.os.Parcelable$Creator CREATOR
com.google.android.gms.internal.measurement.zzeu: android.os.Parcelable$Creator CREATOR
com.google.android.gms.internal.measurement.zzex: android.os.Parcelable$Creator CREATOR
com.google.android.gms.internal.measurement.zzka: android.os.Parcelable$Creator CREATOR
com.google.android.gms.internal.measurement.zzyz: int zzbta
com.google.android.gms.internal.measurement.zzyz: boolean zzbtb
com.google.android.gms.internal.measurement.zzzv: com.google.android.gms.internal.measurement.zzabp zzbuf
com.google.android.gms.internal.measurement.zzzv: int zzbug
com.google.android.gms.internal.measurement.zzzv: java.util.Map zzbuh
com.google.android.gms.internal.measurement.zzzv$zza: com.google.android.gms.internal.measurement.zzzr zzbui
com.google.android.gms.internal.stable.zzb: android.os.IBinder asBinder()
com.google.android.gms.internal.stable.zzb: boolean onTransact(int,android.os.Parcel,android.os.Parcel,int)
com.google.android.gms.internal.zzayl: com.google.android.gms.internal.zzayl[] values()