app/build/outputs/mapping/release/mapping.txt
rvrc.geq1917.g34.android.diningmania.BreakfastTransaction -> rvrc.geq1917.g34.android.diningmania.a:
    int total -> c
    void <init>(java.lang.String,java.util.Date) -> <init>
rvrc.geq1917.g34.android.diningmania.CalendarFragment -> rvrc.geq1917.g34.android.diningmania.b:
    void <init>() -> <init>
    android.app.Dialog onCreateDialog$5709b310() -> d
rvrc.geq1917.g34.android.diningmania.DatabaseHelper -> rvrc.geq1917.g34.android.diningmania.c:
    java.lang.String TAG -> a
    void <init>(android.content.Context) -> <init>
    void onCreate(android.database.sqlite.SQLiteDatabase) -> onCreate
    void onUpgrade(android.database.sqlite.SQLiteDatabase,int,int) -> onUpgrade
    android.database.Cursor getListContents(java.lang.String) -> a
    void <clinit>() -> <clinit>
rvrc.geq1917.g34.android.diningmania.DinnerTransaction -> rvrc.geq1917.g34.android.diningmania.d:
    int total -> c
    void <init>(java.lang.String,java.util.Date) -> <init>
rvrc.geq1917.g34.android.diningmania.Feedback -> rvrc.geq1917.g34.android.diningmania.Feedback:
    rvrc.geq1917.g34.android.diningmania.DatabaseHelper mySQDatabase -> k
    void <init>() -> <init>
    void onCreate(android.os.Bundle) -> onCreate
rvrc.geq1917.g34.android.diningmania.FirebaseMessageService -> rvrc.geq1917.g34.android.diningmania.FirebaseMessageService:
    void <init>() -> <init>
    void onMessageReceived(com.google.firebase.messaging.RemoteMessage) -> a
rvrc.geq1917.g34.android.diningmania.FoodChoice -> rvrc.geq1917.g34.android.diningmania.e:
    java.lang.String choice -> a
    java.util.Map daily_menu -> b
    void <init>() -> <init>
rvrc.geq1917.g34.android.diningmania.Home -> rvrc.geq1917.g34.android.diningmania.Home:
    java.util.Date beginDate -> t
    java.util.Date endDate -> u
    android.widget.TextView tv_dUsedCredit -> v
    android.widget.TextView tv_dLeftCredit -> w
    android.widget.TextView tv_leftPoint -> x
    android.widget.Button b_calendar -> y
    android.support.v7.widget.RecyclerView recyclerMenu -> z
    android.support.v7.widget.RecyclerView$LayoutManager layoutManager -> A
    java.util.Date chosenDate -> B
    rvrc.geq1917.g34.android.diningmania.DatabaseHelper mySQDatabase -> k
    java.lang.String studentId -> l
    rvrc.geq1917.g34.android.diningmania.User user -> m
    com.google.firebase.auth.FirebaseAuth mAuth -> n
    com.google.firebase.database.DatabaseReference mDatabase -> o
    com.google.firebase.database.DatabaseReference userRef -> p
    com.google.firebase.database.DatabaseReference dinnerChoice -> q
    java.lang.String currUserId -> r
    android.content.SharedPreferences sp -> s
    void <init>() -> <init>
    void onCreate(android.os.Bundle) -> onCreate
    void onDateSet(android.widget.DatePicker,int,int,int) -> onDateSet
    void loadMenu(java.lang.String) -> b
    void showInfoDialog(java.lang.String,java.lang.String) -> a
    void onBackPressed() -> onBackPressed
    boolean onCreateOptionsMenu(android.view.Menu) -> onCreateOptionsMenu
    boolean onOptionsItemSelected(android.view.MenuItem) -> onOptionsItemSelected
rvrc.geq1917.g34.android.diningmania.Home$1 -> rvrc.geq1917.g34.android.diningmania.Home$1:
    rvrc.geq1917.g34.android.diningmania.Home this$0 -> a
    void <init>(rvrc.geq1917.g34.android.diningmania.Home) -> <init>
    void onClick(android.view.View) -> onClick
rvrc.geq1917.g34.android.diningmania.Home$2 -> rvrc.geq1917.g34.android.diningmania.Home$2:
    rvrc.geq1917.g34.android.diningmania.Home this$0 -> a
    void <init>(rvrc.geq1917.g34.android.diningmania.Home) -> <init>
    void onDataChange(com.google.firebase.database.DataSnapshot) -> a
...
android.arch.core.executor.ArchTaskExecutor -> android.arch.a.a.a:
    android.arch.core.executor.ArchTaskExecutor sInstance -> b
    android.arch.core.executor.TaskExecutor mDelegate -> a
    android.arch.core.executor.TaskExecutor mDefaultTaskExecutor -> c
    java.util.concurrent.Executor sMainThreadExecutor -> d
    java.util.concurrent.Executor sIOThreadExecutor -> e
    void <init>() -> <init>
    android.arch.core.executor.ArchTaskExecutor getInstance() -> a
    void executeOnDiskIO(java.lang.Runnable) -> a
    void postToMainThread(java.lang.Runnable) -> b
    boolean isMainThread() -> b
    void <clinit>() -> <clinit>
android.arch.core.executor.ArchTaskExecutor$1 -> android.arch.a.a.a$1:
    void <init>() -> <init>
    void execute(java.lang.Runnable) -> execute
android.arch.core.executor.ArchTaskExecutor$2 -> android.arch.a.a.a$2:
    void <init>() -> <init>
    void execute(java.lang.Runnable) -> execute
android.arch.core.executor.DefaultTaskExecutor -> android.arch.a.a.b:
    java.lang.Object mLock -> a
    java.util.concurrent.ExecutorService mDiskIO -> b
    android.os.Handler mMainHandler -> c
    void <init>() -> <init>
    void executeOnDiskIO(java.lang.Runnable) -> a
    void postToMainThread(java.lang.Runnable) -> b
    boolean isMainThread() -> b
android.arch.core.executor.TaskExecutor -> android.arch.a.a.c:
    void <init>() -> <init>
    void executeOnDiskIO(java.lang.Runnable) -> a
    void postToMainThread(java.lang.Runnable) -> b
    boolean isMainThread() -> b
android.arch.core.internal.FastSafeIterableMap -> android.arch.a.b.a:
    java.util.HashMap mHashMap -> a
    void <init>() -> <init>
    android.arch.core.internal.SafeIterableMap$Entry get(java.lang.Object) -> a
    java.lang.Object putIfAbsent(java.lang.Object,java.lang.Object) -> a
    java.lang.Object remove(java.lang.Object) -> b
    boolean contains(java.lang.Object) -> c
android.arch.core.internal.SafeIterableMap -> android.arch.a.b.b:
    android.arch.core.internal.SafeIterableMap$Entry mStart -> b
    android.arch.core.internal.SafeIterableMap$Entry mEnd -> c
    java.util.WeakHashMap mIterators -> d
    int mSize -> e
    void <init>() -> <init>
    android.arch.core.internal.SafeIterableMap$Entry get(java.lang.Object) -> a
    java.lang.Object putIfAbsent(java.lang.Object,java.lang.Object) -> a
    android.arch.core.internal.SafeIterableMap$Entry put(java.lang.Object,java.lang.Object) -> b
    java.lang.Object remove(java.lang.Object) -> b
    java.util.Iterator iterator() -> iterator
    android.arch.core.internal.SafeIterableMap$IteratorWithAdditions iteratorWithAdditions() -> a
    boolean equals(java.lang.Object) -> equals
    java.lang.String toString() -> toString
    android.arch.core.internal.SafeIterableMap$Entry access$100(android.arch.core.internal.SafeIterableMap) -> a
android.arch.core.internal.SafeIterableMap$AscendingIterator -> android.arch.a.b.b$a:
    void <init>(android.arch.core.internal.SafeIterableMap$Entry,android.arch.core.internal.SafeIterableMap$Entry) -> <init>
    android.arch.core.internal.SafeIterableMap$Entry forward(android.arch.core.internal.SafeIterableMap$Entry) -> a
    android.arch.core.internal.SafeIterableMap$Entry backward(android.arch.core.internal.SafeIterableMap$Entry) -> b
android.arch.core.internal.SafeIterableMap$DescendingIterator -> android.arch.a.b.b$b:
    void <init>(android.arch.core.internal.SafeIterableMap$Entry,android.arch.core.internal.SafeIterableMap$Entry) -> <init>
    android.arch.core.internal.SafeIterableMap$Entry forward(android.arch.core.internal.SafeIterableMap$Entry) -> a
    android.arch.core.internal.SafeIterableMap$Entry backward(android.arch.core.internal.SafeIterableMap$Entry) -> b