app/build/outputs/mapping/release/usage.txt
rvrc.geq1917.g34.android.diningmania.BreakfastTransaction:
    14:14:static int getTotal()
rvrc.geq1917.g34.android.diningmania.BuildConfig
rvrc.geq1917.g34.android.diningmania.DatabaseHelper:
    private static final int DATABASE_VERSION
    static final java.lang.String DATABASE_NAME
    static final java.lang.String TABLE_RECORDS
    static final java.lang.String TABLE_TRANSACTIONS
    static final java.lang.String TABLE_REVIEW
    static final java.lang.String KEY_DATE
    static final java.lang.String KEY_INDICATION
    static final java.lang.String KEY_CHOSEN_FOOD
    static final java.lang.String KEY_TIME
    static final java.lang.String KEY_CONTENT
    private static final java.lang.String CREATE_TABLE_RECORDS
    private static final java.lang.String CREATE_TABLE_TRANSACTIONS
    private static final java.lang.String CREATE_TABLE_REVIEW
rvrc.geq1917.g34.android.diningmania.DinnerTransaction:
    15:15:public static int getTotal()
rvrc.geq1917.g34.android.diningmania.FirebaseMessageService:
    private static final java.lang.String TAG
rvrc.geq1917.g34.android.diningmania.FoodChoice:
    12:15:public FoodChoice(java.lang.String,java.util.Map)
    17:18:public void setChoice(java.lang.String)
    21:22:public void setDaily_menu(java.util.Map)
rvrc.geq1917.g34.android.diningmania.Home$MenuHolder:
    337:341:public Home$MenuHolder(android.view.View)
rvrc.geq1917.g34.android.diningmania.Login:
    protected static final java.lang.String filename
    protected static final java.lang.String isLoggedIn
    private static final java.lang.String TAG
    116:117:private void resetPassword()
rvrc.geq1917.g34.android.diningmania.MatchingResult:
    private static final java.lang.String MSG_MATCHES
    private static final java.lang.String MSG_NOT_MATCHES
    private static final java.lang.String MSG_NOT_INDICATES
    protected static final int POINT_AMOUNT
    private static final int MATCHES
    private static final int NOT_MATCHES
    private static final int NOT_INDICATES
rvrc.geq1917.g34.android.diningmania.PointTransaction:
    14:14:public static int getTotal()
rvrc.geq1917.g34.android.diningmania.R
rvrc.geq1917.g34.android.diningmania.R$anim
rvrc.geq1917.g34.android.diningmania.R$animator
rvrc.geq1917.g34.android.diningmania.R$attr
rvrc.geq1917.g34.android.diningmania.R$bool
rvrc.geq1917.g34.android.diningmania.R$color
rvrc.geq1917.g34.android.diningmania.R$dimen
rvrc.geq1917.g34.android.diningmania.R$drawable
rvrc.geq1917.g34.android.diningmania.R$font
rvrc.geq1917.g34.android.diningmania.R$id
rvrc.geq1917.g34.android.diningmania.R$integer
rvrc.geq1917.g34.android.diningmania.R$interpolator
rvrc.geq1917.g34.android.diningmania.R$layout
rvrc.geq1917.g34.android.diningmania.R$menu
rvrc.geq1917.g34.android.diningmania.R$mipmap
rvrc.geq1917.g34.android.diningmania.R$string
rvrc.geq1917.g34.android.diningmania.R$style
rvrc.geq1917.g34.android.diningmania.R$styleable
rvrc.geq1917.g34.android.diningmania.Scan:
    private static final java.lang.String TAG
rvrc.geq1917.g34.android.diningmania.StartActivity:
    private static final java.lang.String TAG
rvrc.geq1917.g34.android.diningmania.TransactionHistory:
    10:11:public TransactionHistory()
...
com.squareup.okhttp.internal.FaultHidingSink
com.squareup.okhttp.internal.Internal
com.squareup.okhttp.internal.InternalCache
com.squareup.okhttp.internal.NamedRunnable
com.squareup.okhttp.internal.OptionalMethod
com.squareup.okhttp.internal.Platform
com.squareup.okhttp.internal.Platform$Android
com.squareup.okhttp.internal.Platform$JdkWithJettyBootPlatform
com.squareup.okhttp.internal.Platform$JettyNegoProvider
com.squareup.okhttp.internal.RouteDatabase
com.squareup.okhttp.internal.Util:
    50:51:private Util()
    54:57:public static void checkOffsetAndCount(long,long,long)
    61:61:public static boolean equal(java.lang.Object,java.lang.Object)
    69:77:public static void closeQuietly(java.io.Closeable)
    84:94:public static void closeQuietly(java.net.Socket)
    101:109:public static void closeQuietly(java.net.ServerSocket)
    116:131:public static void closeAll(java.io.Closeable,java.io.Closeable)
    141:143:public static boolean discard(okio.Source,int,java.util.concurrent.TimeUnit)
    152:169:public static boolean skipAll(okio.Source,int,java.util.concurrent.TimeUnit)
    177:181:public static java.lang.String md5Hex(java.lang.String)
    188:192:public static java.lang.String shaBase64(java.lang.String)
    199:203:public static okio.ByteString sha1(okio.ByteString)
    209:209:public static java.util.List immutableList(java.util.List)
    219:219:public static java.util.Map immutableMap(java.util.Map)
    223:223:public static java.util.concurrent.ThreadFactory threadFactory(java.lang.String,boolean)
    238:239:public static java.lang.Object[] intersect(java.lang.Class,java.lang.Object[],java.lang.Object[])
    247:256:private static java.util.List intersect(java.lang.Object[],java.lang.Object[])
    261:263:public static java.lang.String hostHeader(com.squareup.okhttp.HttpUrl)
    268:280:public static java.lang.String toHumanReadableAscii(java.lang.String)
com.squareup.okhttp.internal.Util$1
com.squareup.okhttp.internal.Version
com.squareup.okhttp.internal.framed.ErrorCode
com.squareup.okhttp.internal.framed.FrameReader
com.squareup.okhttp.internal.framed.FrameReader$Handler
com.squareup.okhttp.internal.framed.FrameWriter
com.squareup.okhttp.internal.framed.FramedConnection
com.squareup.okhttp.internal.framed.FramedConnection$1
com.squareup.okhttp.internal.framed.FramedConnection$2
com.squareup.okhttp.internal.framed.FramedConnection$3
com.squareup.okhttp.internal.framed.FramedConnection$4
com.squareup.okhttp.internal.framed.FramedConnection$5
com.squareup.okhttp.internal.framed.FramedConnection$6
com.squareup.okhttp.internal.framed.FramedConnection$7
com.squareup.okhttp.internal.framed.FramedConnection$Builder
com.squareup.okhttp.internal.framed.FramedConnection$Listener
com.squareup.okhttp.internal.framed.FramedConnection$Listener$1
com.squareup.okhttp.internal.framed.FramedConnection$Reader
com.squareup.okhttp.internal.framed.FramedConnection$Reader$1
com.squareup.okhttp.internal.framed.FramedConnection$Reader$2
com.squareup.okhttp.internal.framed.FramedConnection$Reader$3
com.squareup.okhttp.internal.framed.FramedStream
com.squareup.okhttp.internal.framed.FramedStream$1
com.squareup.okhttp.internal.framed.FramedStream$FramedDataSink
com.squareup.okhttp.internal.framed.FramedStream$FramedDataSource
com.squareup.okhttp.internal.framed.FramedStream$StreamTimeout
com.squareup.okhttp.internal.framed.Header
com.squareup.okhttp.internal.framed.HeadersMode
com.squareup.okhttp.internal.framed.Hpack
com.squareup.okhttp.internal.framed.Hpack$Reader
com.squareup.okhttp.internal.framed.Hpack$Writer
com.squareup.okhttp.internal.framed.Http2
com.squareup.okhttp.internal.framed.Http2$ContinuationSource
com.squareup.okhttp.internal.framed.Http2$FrameLogger
com.squareup.okhttp.internal.framed.Http2$Reader
com.squareup.okhttp.internal.framed.Http2$Writer
com.squareup.okhttp.internal.framed.Huffman
com.squareup.okhttp.internal.framed.Huffman$Node
com.squareup.okhttp.internal.framed.NameValueBlockReader